<?xml version="1.0" encoding="UTF-8"?>
<!-- Generated by org.testng.reporters.JUnitXMLReporter -->
<testsuite ignored="1" hostname="DESKTOP-IS5NC7T" failures="0" tests="1" name="Default test" time="20.131" errors="0" timestamp="2024-06-02T17:46:38 IST">
  <testcase classname="Tests.FrameHanldePageTest" name="iframe1Test" time="3.198"/>
  <testcase classname="Tests.FrameHanldePageTest" name="iframe2Test" time="0.0">
    <ignored/>
  </testcase> <!-- iframe2Test -->
</testsuite> <!-- Default test -->
