<?xml version="1.0" encoding="UTF-8"?>
<testng-results ignored="0" total="1" passed="1" failed="0" skipped="0">
  <reporter-output>
  </reporter-output>
  <suite started-at="2024-05-25T23:59:28 IST" name="Default suite" finished-at="2024-05-25T23:59:52 IST" duration-ms="23884">
    <groups>
    </groups>
    <test started-at="2024-05-25T23:59:28 IST" name="Default test" finished-at="2024-05-25T23:59:52 IST" duration-ms="23884">
      <class name="Tests.CheckBoxPageTest">
        <test-method is-config="true" signature="setup()[pri:0, instance:Tests.CheckBoxPageTest@273e7444]" started-at="2024-05-25T23:59:28 IST" name="setup" finished-at="2024-05-25T23:59:45 IST" duration-ms="16677" status="PASS">
          <reporter-output>
          </reporter-output>
        </test-method> <!-- setup -->
        <test-method signature="testCheckBoxExpansion()[pri:0, instance:Tests.CheckBoxPageTest@273e7444]" started-at="2024-05-25T23:59:45 IST" name="testCheckBoxExpansion" finished-at="2024-05-25T23:59:47 IST" duration-ms="1737" status="PASS">
          <reporter-output>
          </reporter-output>
        </test-method> <!-- testCheckBoxExpansion -->
        <test-method is-config="true" signature="tear_down()[pri:0, instance:Tests.CheckBoxPageTest@273e7444]" started-at="2024-05-25T23:59:47 IST" name="tear_down" finished-at="2024-05-25T23:59:52 IST" duration-ms="5392" status="PASS">
          <reporter-output>
          </reporter-output>
        </test-method> <!-- tear_down -->
      </class> <!-- Tests.CheckBoxPageTest -->
    </test> <!-- Default test -->
  </suite> <!-- Default suite -->
</testng-results>
