<?xml version="1.0" encoding="UTF-8"?>
<testng-results ignored="0" total="2" passed="2" failed="0" skipped="0">
  <reporter-output>
  </reporter-output>
  <suite started-at="2024-05-26T09:22:50 IST" name="Default suite" finished-at="2024-05-26T09:23:53 IST" duration-ms="63063">
    <groups>
    </groups>
    <test started-at="2024-05-26T09:22:50 IST" name="Default test" finished-at="2024-05-26T09:23:53 IST" duration-ms="63063">
      <class name="Tests.RadioButtonPageTest">
        <test-method is-config="true" signature="setup()[pri:0, instance:Tests.RadioButtonPageTest@54e1c68b]" started-at="2024-05-26T09:22:50 IST" name="setup" finished-at="2024-05-26T09:23:06 IST" duration-ms="15961" status="PASS">
          <reporter-output>
          </reporter-output>
        </test-method> <!-- setup -->
        <test-method signature="impressiveButtonTest()[pri:0, instance:Tests.RadioButtonPageTest@54e1c68b]" started-at="2024-05-26T09:23:06 IST" name="impressiveButtonTest" finished-at="2024-05-26T09:23:17 IST" duration-ms="10866" status="PASS">
          <reporter-output>
          </reporter-output>
        </test-method> <!-- impressiveButtonTest -->
        <test-method is-config="true" signature="tear_down()[pri:0, instance:Tests.RadioButtonPageTest@54e1c68b]" started-at="2024-05-26T09:23:17 IST" name="tear_down" finished-at="2024-05-26T09:23:22 IST" duration-ms="5192" status="PASS">
          <reporter-output>
          </reporter-output>
        </test-method> <!-- tear_down -->
        <test-method is-config="true" signature="setup()[pri:0, instance:Tests.RadioButtonPageTest@54e1c68b]" started-at="2024-05-26T09:23:22 IST" name="setup" finished-at="2024-05-26T09:23:37 IST" duration-ms="14952" status="PASS">
          <reporter-output>
          </reporter-output>
        </test-method> <!-- setup -->
        <test-method signature="yesButtonTest()[pri:0, instance:Tests.RadioButtonPageTest@54e1c68b]" started-at="2024-05-26T09:23:37 IST" name="yesButtonTest" finished-at="2024-05-26T09:23:48 IST" duration-ms="10871" status="PASS">
          <reporter-output>
          </reporter-output>
        </test-method> <!-- yesButtonTest -->
        <test-method is-config="true" signature="tear_down()[pri:0, instance:Tests.RadioButtonPageTest@54e1c68b]" started-at="2024-05-26T09:23:48 IST" name="tear_down" finished-at="2024-05-26T09:23:53 IST" duration-ms="5187" status="PASS">
          <reporter-output>
          </reporter-output>
        </test-method> <!-- tear_down -->
      </class> <!-- Tests.RadioButtonPageTest -->
    </test> <!-- Default test -->
  </suite> <!-- Default suite -->
</testng-results>
